<?xml version="1.0" encoding="UTF-8"?>
<!-- Generated by org.testng.reporters.JUnitReportReporter -->
<testsuite hostname="LAPTOP-9T2QKOP0" failures="0" tests="1" name="com.mystore.testcases.AddToPageTest" time="37.351" errors="0" timestamp="2022-02-22T18:43:02 WEST" skipped="0">
  <testcase classname="com.mystore.testcases.AddToPageTest" name="addToCartTest" time="37.351"/>
  <system-out/>
</testsuite> <!-- com.mystore.testcases.AddToPageTest -->
